<?xml version="1.0" encoding="UTF-8"?>
<!-- Generated by org.testng.reporters.JUnitXMLReporter -->
<testsuite ignored="8" hostname="LAPTOP-1BAVQ1O5" failures="2" tests="15" name="Test" time="15.917" errors="0" timestamp="2024-04-11T00:47:43 IST">
  <testcase classname="Test.BasicTest1" name="Method1" time="1.929">
    <skipped/>
  </testcase> <!-- Method1 -->
  <testcase classname="Test.BasicTest1" name="Method1" time="1.169">
    <skipped/>
  </testcase> <!-- Method1 -->
  <testcase classname="Test.BasicTest1" name="Method1" time="0.613">
    <skipped/>
  </testcase> <!-- Method1 -->
  <testcase classname="Test.BasicTest1" name="Method1" time="0.83">
    <failure type="java.lang.AssertionError" message="null">
      <![CDATA[java.lang.AssertionError: null
at Test.BasicTest1.Method1(BasicTest1.java:20)
at java.base/java.util.ArrayList.forEach(ArrayList.java:1511)
... Removed 29 stack frames]]>
    </failure>
  </testcase> <!-- Method1 -->
  <testcase classname="Test.BasicTest1" name="Method2" time="0.997"/>
  <testcase classname="Test.BasicTest1" name="Method3" time="0.002"/>
  <testcase classname="Test.BasicTest2" name="Method4" time="2.732">
    <skipped/>
  </testcase> <!-- Method4 -->
  <testcase classname="Test.BasicTest2" name="Method4" time="1.767">
    <skipped/>
  </testcase> <!-- Method4 -->
  <testcase classname="Test.BasicTest2" name="Method4" time="2.057">
    <skipped/>
  </testcase> <!-- Method4 -->
  <testcase classname="Test.BasicTest2" name="Method4" time="2.355">
    <failure type="java.lang.AssertionError" message="null">
      <![CDATA[java.lang.AssertionError: null
at Test.BasicTest2.Method4(BasicTest2.java:20)
at java.base/java.util.ArrayList.forEach(ArrayList.java:1511)
... Removed 29 stack frames]]>
    </failure>
  </testcase> <!-- Method4 -->
  <testcase classname="Test.BasicTest2" name="Method5" time="0.002"/>
  <testcase classname="Test.BasicTest2" name="Method6" time="0.002"/>
  <testcase classname="Test.BasicTest3" name="Method7" time="0.005"/>
  <testcase classname="Test.BasicTest3" name="Method8" time="0.022"/>
  <testcase classname="Test.BasicTest3" name="Method9" time="0.002"/>
  <testcase classname="BaseClasses.BaseTest" name="@BeforeSuite BeforeSuiteMethod" time="0.0">
    <ignored/>
  </testcase> <!-- @BeforeSuite BeforeSuiteMethod -->
  <testcase classname="BaseClasses.BaseTest" name="@BeforeSuite BeforeSuiteMethod" time="0.0">
    <ignored/>
  </testcase> <!-- @BeforeSuite BeforeSuiteMethod -->
  <testcase classname="BaseClasses.BaseTest" name="@AfterTest AfterTestMethod" time="0.0">
    <ignored/>
  </testcase> <!-- @AfterTest AfterTestMethod -->
  <testcase classname="BaseClasses.BaseTest" name="@AfterTest AfterTestMethod" time="0.0">
    <ignored/>
  </testcase> <!-- @AfterTest AfterTestMethod -->
  <testcase classname="BaseClasses.BaseTest" name="@AfterSuite AfterSuiteMethod" time="0.0">
    <ignored/>
  </testcase> <!-- @AfterSuite AfterSuiteMethod -->
  <testcase classname="BaseClasses.BaseTest" name="@AfterSuite AfterSuiteMethod" time="0.0">
    <ignored/>
  </testcase> <!-- @AfterSuite AfterSuiteMethod -->
  <testcase classname="BaseClasses.BaseTest" name="@BeforeTest BeforeTestMethod" time="0.0">
    <ignored/>
  </testcase> <!-- @BeforeTest BeforeTestMethod -->
  <testcase classname="BaseClasses.BaseTest" name="@BeforeTest BeforeTestMethod" time="0.0">
    <ignored/>
  </testcase> <!-- @BeforeTest BeforeTestMethod -->
</testsuite> <!-- Test -->
