<?xml version="1.0" encoding="UTF-8"?>
<!-- Generated by org.testng.reporters.JUnitXMLReporter -->
<testsuite ignored="8" hostname="LAPTOP-1BAVQ1O5" failures="0" tests="3" name="Test" time="4.909" errors="0" timestamp="2024-04-11T13:03:41 IST">
  <testcase classname="Test.BasicTest1" name="Method1" time="3.744">
    <skipped/>
  </testcase> <!-- Method1 -->
  <testcase classname="Test.BasicTest1" name="Method1" time="0.171">
    <skipped/>
  </testcase> <!-- Method1 -->
  <testcase classname="Test.BasicTest1" name="Method1" time="0.076">
    <skipped/>
  </testcase> <!-- Method1 -->
  <testcase classname="BaseClasses.BaseTest" name="@BeforeSuite BeforeSuiteMethod" time="0.0">
    <ignored/>
  </testcase> <!-- @BeforeSuite BeforeSuiteMethod -->
  <testcase classname="BaseClasses.BaseTest" name="@BeforeSuite BeforeSuiteMethod" time="0.0">
    <ignored/>
  </testcase> <!-- @BeforeSuite BeforeSuiteMethod -->
  <testcase classname="BaseClasses.BaseTest" name="@AfterTest AfterTestMethod" time="0.0">
    <ignored/>
  </testcase> <!-- @AfterTest AfterTestMethod -->
  <testcase classname="BaseClasses.BaseTest" name="@AfterTest AfterTestMethod" time="0.0">
    <ignored/>
  </testcase> <!-- @AfterTest AfterTestMethod -->
  <testcase classname="BaseClasses.BaseTest" name="@AfterSuite AfterSuiteMethod" time="0.0">
    <ignored/>
  </testcase> <!-- @AfterSuite AfterSuiteMethod -->
  <testcase classname="BaseClasses.BaseTest" name="@AfterSuite AfterSuiteMethod" time="0.0">
    <ignored/>
  </testcase> <!-- @AfterSuite AfterSuiteMethod -->
  <testcase classname="BaseClasses.BaseTest" name="@BeforeTest BeforeTestMethod" time="0.0">
    <ignored/>
  </testcase> <!-- @BeforeTest BeforeTestMethod -->
  <testcase classname="BaseClasses.BaseTest" name="@BeforeTest BeforeTestMethod" time="0.0">
    <ignored/>
  </testcase> <!-- @BeforeTest BeforeTestMethod -->
</testsuite> <!-- Test -->
