<?xml version="1.0" encoding="UTF-8"?>
<!-- Generated by org.testng.reporters.JUnitXMLReporter -->
<testsuite ignored="8" hostname="LAPTOP-1BAVQ1O5" failures="2" tests="15" name="Test" time="17.093" errors="0" timestamp="2024-04-11T00:45:27 IST">
  <testcase classname="Test.BasicTest1" name="Method1" time="1.814">
    <skipped/>
  </testcase> <!-- Method1 -->
  <testcase classname="Test.BasicTest1" name="Method1" time="1.064">
    <skipped/>
  </testcase> <!-- Method1 -->
  <testcase classname="Test.BasicTest1" name="Method1" time="0.804">
    <skipped/>
  </testcase> <!-- Method1 -->
  <testcase classname="Test.BasicTest1" name="Method1" time="0.633">
    <failure type="java.lang.AssertionError" message="null">
      <![CDATA[java.lang.AssertionError: null
at Test.BasicTest1.Method1(BasicTest1.java:20)
at java.base/java.util.ArrayList.forEach(ArrayList.java:1511)
... Removed 33 stack frames]]>
    </failure>
  </testcase> <!-- Method1 -->
  <testcase classname="Test.BasicTest1" name="Method2" time="1.625"/>
  <testcase classname="Test.BasicTest1" name="Method3" time="0.0"/>
  <testcase classname="Test.BasicTest2" name="Method4" time="3.894">
    <skipped/>
  </testcase> <!-- Method4 -->
  <testcase classname="Test.BasicTest2" name="Method4" time="1.804">
    <skipped/>
  </testcase> <!-- Method4 -->
  <testcase classname="Test.BasicTest2" name="Method4" time="1.863">
    <skipped/>
  </testcase> <!-- Method4 -->
  <testcase classname="Test.BasicTest2" name="Method4" time="2.011">
    <failure type="java.lang.AssertionError" message="null">
      <![CDATA[java.lang.AssertionError: null
at Test.BasicTest2.Method4(BasicTest2.java:20)
at java.base/java.util.ArrayList.forEach(ArrayList.java:1511)
... Removed 33 stack frames]]>
    </failure>
  </testcase> <!-- Method4 -->
  <testcase classname="Test.BasicTest2" name="Method5" time="0.0"/>
  <testcase classname="Test.BasicTest2" name="Method6" time="0.001"/>
  <testcase classname="Test.BasicTest3" name="Method7" time="0.001"/>
  <testcase classname="Test.BasicTest3" name="Method8" time="0.0"/>
  <testcase classname="Test.BasicTest3" name="Method9" time="0.001"/>
  <testcase classname="BaseClasses.BaseTest" name="@AfterSuite AfterSuiteMethod" time="0.0">
    <ignored/>
  </testcase> <!-- @AfterSuite AfterSuiteMethod -->
  <testcase classname="BaseClasses.BaseTest" name="@AfterSuite AfterSuiteMethod" time="0.0">
    <ignored/>
  </testcase> <!-- @AfterSuite AfterSuiteMethod -->
  <testcase classname="BaseClasses.BaseTest" name="@AfterTest AfterTestMethod" time="0.0">
    <ignored/>
  </testcase> <!-- @AfterTest AfterTestMethod -->
  <testcase classname="BaseClasses.BaseTest" name="@AfterTest AfterTestMethod" time="0.0">
    <ignored/>
  </testcase> <!-- @AfterTest AfterTestMethod -->
  <testcase classname="BaseClasses.BaseTest" name="@BeforeSuite BeforeSuiteMethod" time="0.0">
    <ignored/>
  </testcase> <!-- @BeforeSuite BeforeSuiteMethod -->
  <testcase classname="BaseClasses.BaseTest" name="@BeforeSuite BeforeSuiteMethod" time="0.0">
    <ignored/>
  </testcase> <!-- @BeforeSuite BeforeSuiteMethod -->
  <testcase classname="BaseClasses.BaseTest" name="@BeforeTest BeforeTestMethod" time="0.0">
    <ignored/>
  </testcase> <!-- @BeforeTest BeforeTestMethod -->
  <testcase classname="BaseClasses.BaseTest" name="@BeforeTest BeforeTestMethod" time="0.0">
    <ignored/>
  </testcase> <!-- @BeforeTest BeforeTestMethod -->
</testsuite> <!-- Test -->
