<?xml version="1.0" encoding="UTF-8"?>
<testsuite xmlns:xsi="http://www.w3.org/2001/XMLSchema-instance" xsi:noNamespaceSchemaLocation="https://maven.apache.org/surefire/maven-surefire-plugin/xsd/surefire-test-report-3.0.xsd" version="3.0" name="TestSuite" time="41.876" tests="15" errors="0" skipped="6" failures="2">
  <properties>
[...]
</properties>
  <testcase name="Method1" classname="Test.BasicTest1" time="0">
    <skipped message="null"/>
    <system-out><![CDATA[Before Suite
Before Test

Before Class

Before Method

Inside Method 1

]]></system-out>
    <system-err><![CDATA[Apr 11, 2024 12:55:09 PM org.openqa.selenium.devtools.CdpVersionFinder findNearestMatch
WARNING: Unable to find an exact match for CDP version 123, returning the closest version; found: 121; Please update to a Selenium version that supports CDP version 123
]]></system-err>
  </testcase>
  <testcase name="Method1" classname="Test.BasicTest1" time="0">
    <skipped message="null"/>
    <system-out><![CDATA[After Method

Before Method

Inside Method 1

]]></system-out>
  </testcase>
  <testcase name="Method1" classname="Test.BasicTest1" time="0">
    <skipped message="null"/>
    <system-out><![CDATA[After Method

Before Method

Inside Method 1

]]></system-out>
  </testcase>
  <testcase name="Method1" classname="Test.BasicTest1" time="2.06">
    <failure message="null" type="java.lang.AssertionError"><![CDATA[java.lang.AssertionError: null
	at Test.BasicTest1.Method1(BasicTest1.java:20)
]]></failure>
    <system-out><![CDATA[After Method

Before Method

Inside Method 1

Test failed: Method1
]]></system-out>
  </testcase>
  <testcase name="Method2" classname="Test.BasicTest1" time="2.502">
    <system-out><![CDATA[After Method

Before Method

Inside Method 2

]]></system-out>
  </testcase>
  <testcase name="Method3" classname="Test.BasicTest1" time="0.001">
    <system-out><![CDATA[After Method

Before Method

Inside Method 3

]]></system-out>
  </testcase>
  <testcase name="Method4" classname="Test.BasicTest2" time="0">
    <skipped message="null"/>
    <system-out><![CDATA[After Method

After Class

Before Class

Before Method

Inside Method 4

]]></system-out>
  </testcase>
  <testcase name="Method4" classname="Test.BasicTest2" time="0">
    <skipped message="null"/>
    <system-out><![CDATA[After Method

Before Method

Inside Method 4

]]></system-out>
  </testcase>
  <testcase name="Method4" classname="Test.BasicTest2" time="0">
    <skipped message="null"/>
    <system-out><![CDATA[After Method

Before Method

Inside Method 4

]]></system-out>
  </testcase>
  <testcase name="Method4" classname="Test.BasicTest2" time="4.949">
    <failure message="null" type="java.lang.AssertionError"><![CDATA[java.lang.AssertionError: null
	at Test.BasicTest2.Method4(BasicTest2.java:20)
]]></failure>
    <system-out><![CDATA[After Method

Before Method

Inside Method 4

Test failed: Method4
]]></system-out>
  </testcase>
  <testcase name="Method5" classname="Test.BasicTest2" time="0.002">
    <system-out><![CDATA[After Method

Before Method

Inside Method 5

]]></system-out>
  </testcase>
  <testcase name="Method6" classname="Test.BasicTest2" time="0.003">
    <system-out><![CDATA[After Method

Before Method

Inside Method 6

]]></system-out>
  </testcase>
  <testcase name="Method7" classname="Test.BasicTest3" time="0.001">
    <system-out><![CDATA[After Method

After Class

Before Class

Before Method

Inside Method 7

]]></system-out>
  </testcase>
  <testcase name="Method8" classname="Test.BasicTest3" time="0.001">
    <system-out><![CDATA[After Method

Before Method

Inside Method 8

]]></system-out>
  </testcase>
  <testcase name="Method9" classname="Test.BasicTest3" time="0.001">
    <system-out><![CDATA[After Method

Before Method

Inside Method 9

]]></system-out>
  </testcase>
</testsuite>